<?xml version="1.0" encoding="UTF-8"?>
<!-- Generated by org.testng.reporters.JUnitReportReporter -->
<testsuite hostname="DESKTOP-7A005MA" failures="0" tests="3" name="com.nopcommerce.login.Level_13_Register_And_Login_Log_Report" time="12.202" errors="0" timestamp="14 Jan 2022 02:24:46 GMT" skipped="0">
  <testcase classname="com.nopcommerce.login.Level_13_Register_And_Login_Log_Report" name="Login_01_Register" time="6.574"/>
  <testcase classname="com.nopcommerce.login.Level_13_Register_And_Login_Log_Report" name="Login_02_Login" time="2.285"/>
  <testcase classname="com.nopcommerce.login.Level_13_Register_And_Login_Log_Report" name="Login_03_Switch_Page" time="3.343"/>
</testsuite> <!-- com.nopcommerce.login.Level_13_Register_And_Login_Log_Report -->
