<?xml version="1.0" encoding="UTF-8"?>
<!-- Generated by org.testng.reporters.JUnitReportReporter -->
<testsuite skipped="0" hostname="DESKTOP-JMK0BG4" name="test.NewTest" tests="1" failures="0" timestamp="04 Jan 2022 15:04:16 GMT" time="3.478" errors="0">
  <testcase name="f" time="3.478" classname="test.NewTest"/>
</testsuite> <!-- test.NewTest -->
